<?xml version="1.0" encoding="UTF-8"?>
<testng-results ignored="0" total="1" passed="1" failed="0" skipped="0">
  <reporter-output>
  </reporter-output>
  <suite started-at="2021-11-13T10:21:07Z" name="Default suite" finished-at="2021-11-13T10:21:24Z" duration-ms="16525">
    <groups>
    </groups>
    <test started-at="2021-11-13T10:21:07Z" name="Default test" finished-at="2021-11-13T10:21:24Z" duration-ms="16525">
      <class name="com.qa.keywordTest.WikiPageTest">
        <test-method signature="keywordframework()[pri:0, instance:com.qa.keywordTest.WikiPageTest@46271dd6]" started-at="2021-11-13T10:21:07Z" name="keywordframework" finished-at="2021-11-13T10:21:24Z" duration-ms="16485" status="PASS">
          <reporter-output>
          </reporter-output>
        </test-method> <!-- keywordframework -->
      </class> <!-- com.qa.keywordTest.WikiPageTest -->
    </test> <!-- Default test -->
  </suite> <!-- Default suite -->
</testng-results>
